{"level":"INFO","time":"2021-01-13T16:17:23.486+0800","caller":"logger/logger.go:41","msg":"init logger success"}
{"level":"INFO","time":"2021-01-13T16:17:53.746+0800","caller":"logger/logger.go:41","msg":"init logger success"}
{"level":"INFO","time":"2021-01-13T16:18:11.465+0800","caller":"logger/logger.go:41","msg":"init logger success"}
{"level":"INFO","time":"2021-01-13T16:18:57.594+0800","caller":"logger/logger.go:41","msg":"init logger success"}
{"level":"ERROR","time":"2021-01-13T16:19:07.481+0800","caller":"logger/logger.go:74","msg":"[Recovery from panic]","error":"html/template: \"index.html\" is undefined","request":"GET / HTTP/1.1\r\nHost: localhost:8080\r\nAccept: text/html,application/xhtml+xml,application/xml;q=0.9,image/avif,image/webp,image/apng,*/*;q=0.8,application/signed-exchange;v=b3;q=0.9\r\nAccept-Encoding: gzip, deflate, br\r\nAccept-Language: zh-CN,zh;q=0.9,en;q=0.8\r\nConnection: keep-alive\r\nSec-Ch-Ua: \"Google Chrome\";v=\"87\", \" Not;A Brand\";v=\"99\", \"Chromium\";v=\"87\"\r\nSec-Ch-Ua-Mobile: ?0\r\nSec-Fetch-Dest: document\r\nSec-Fetch-Mode: navigate\r\nSec-Fetch-Site: none\r\nSec-Fetch-User: ?1\r\nUpgrade-Insecure-Requests: 1\r\nUser-Agent: Mozilla/5.0 (Macintosh; Intel Mac OS X 11_0_1) AppleWebKit/537.36 (KHTML, like Gecko) Chrome/87.0.4280.141 Safari/537.36\r\n\r\n","stack":"goroutine 29 [running]:\nruntime/debug.Stack(0x0, 0xc0004d6000, 0x284)\n\t/usr/local/go/src/runtime/debug/stack.go:24 +0x9f\nbluebell/logger.GinRecovery.func1.1(0xc0004b4000, 0x1)\n\t/Users/jiexiang/go/src/bluebell/logger/logger.go:77 +0x23b\npanic(0x175dd80, 0xc000488070)\n\t/usr/local/go/src/runtime/panic.go:969 +0x1b9\ngithub.com/gin-gonic/gin.(*Context).Render(0xc0004b4000, 0xc8, 0x191de20, 0xc0004843f0)\n\t/Users/jiexiang/go/pkg/mod/github.com/gin-gonic/gin@v1.6.3/context.go:842 +0x176\ngithub.com/gin-gonic/gin.(*Context).HTML(0xc0004b4000, 0xc8, 0x183c5fb, 0xa, 0x0, 0x0)\n\t/Users/jiexiang/go/pkg/mod/github.com/gin-gonic/gin@v1.6.3/context.go:851 +0x99\nbluebell/router.InitRouter.func1(0xc0004b4000)\n\t/Users/jiexiang/go/src/bluebell/router/router.go:21 +0x51\ngithub.com/gin-gonic/gin.(*Context).Next(0xc0004b4000)\n\t/Users/jiexiang/go/pkg/mod/github.com/gin-gonic/gin@v1.6.3/context.go:161 +0x3b\nbluebell/logger.GinRecovery.func1(0xc0004b4000)\n\t/Users/jiexiang/go/src/bluebell/logger/logger.go:88 +0x5a\ngithub.com/gin-gonic/gin.(*Context).Next(0xc0004b4000)\n\t/Users/jiexiang/go/pkg/mod/github.com/gin-gonic/gin@v1.6.3/context.go:161 +0x3b\nbluebell/logger.GinLogger.func1(0xc0004b4000)\n\t/Users/jiexiang/go/src/bluebell/logger/logger.go:98 +0x91\ngithub.com/gin-gonic/gin.(*Context).Next(0xc0004b4000)\n\t/Users/jiexiang/go/pkg/mod/github.com/gin-gonic/gin@v1.6.3/context.go:161 +0x3b\ngithub.com/gin-gonic/gin.(*Engine).handleHTTPRequest(0xc000359040, 0xc0004b4000)\n\t/Users/jiexiang/go/pkg/mod/github.com/gin-gonic/gin@v1.6.3/gin.go:409 +0x67a\ngithub.com/gin-gonic/gin.(*Engine).ServeHTTP(0xc000359040, 0x19229a0, 0xc0004ac000, 0xc0000ac000)\n\t/Users/jiexiang/go/pkg/mod/github.com/gin-gonic/gin@v1.6.3/gin.go:367 +0x14d\nnet/http.serverHandler.ServeHTTP(0xc0003a60e0, 0x19229a0, 0xc0004ac000, 0xc0000ac000)\n\t/usr/local/go/src/net/http/server.go:2843 +0xa3\nnet/http.(*conn).serve(0xc000345f40, 0x1924ae0, 0xc00007e040)\n\t/usr/local/go/src/net/http/server.go:1925 +0x8ad\ncreated by net/http.(*Server).Serve\n\t/usr/local/go/src/net/http/server.go:2969 +0x36c\n"}
{"level":"INFO","time":"2021-01-13T16:19:07.481+0800","caller":"logger/logger.go:101","msg":"/","status":500,"method":"GET","path":"/","query":"","ip":"::1","user-agent":"Mozilla/5.0 (Macintosh; Intel Mac OS X 11_0_1) AppleWebKit/537.36 (KHTML, like Gecko) Chrome/87.0.4280.141 Safari/537.36","errors":"","cost":0.000582968}
{"level":"INFO","time":"2021-01-13T16:19:48.169+0800","caller":"logger/logger.go:41","msg":"init logger success"}
{"level":"INFO","time":"2021-01-13T16:19:52.850+0800","caller":"logger/logger.go:101","msg":"/signup","status":200,"method":"GET","path":"/signup","query":"","ip":"::1","user-agent":"Mozilla/5.0 (Macintosh; Intel Mac OS X 11_0_1) AppleWebKit/537.36 (KHTML, like Gecko) Chrome/87.0.4280.141 Safari/537.36","errors":"","cost":0.00036203}
{"level":"INFO","time":"2021-01-13T16:19:53.271+0800","caller":"logger/logger.go:101","msg":"/favicon.ico","status":404,"method":"GET","path":"/favicon.ico","query":"","ip":"::1","user-agent":"Mozilla/5.0 (Macintosh; Intel Mac OS X 11_0_1) AppleWebKit/537.36 (KHTML, like Gecko) Chrome/87.0.4280.141 Safari/537.36","errors":"","cost":0.000000716}
{"level":"INFO","time":"2021-01-13T16:20:50.128+0800","caller":"logger/logger.go:41","msg":"init logger success"}
{"level":"INFO","time":"2021-01-13T16:20:56.510+0800","caller":"logger/logger.go:101","msg":"/signup","status":200,"method":"GET","path":"/signup","query":"","ip":"::1","user-agent":"Mozilla/5.0 (Macintosh; Intel Mac OS X 11_0_1) AppleWebKit/537.36 (KHTML, like Gecko) Chrome/87.0.4280.141 Safari/537.36","errors":"","cost":0.00030692}
{"level":"INFO","time":"2021-01-13T16:20:56.536+0800","caller":"logger/logger.go:101","msg":"/signin.css","status":404,"method":"GET","path":"/signin.css","query":"","ip":"::1","user-agent":"Mozilla/5.0 (Macintosh; Intel Mac OS X 11_0_1) AppleWebKit/537.36 (KHTML, like Gecko) Chrome/87.0.4280.141 Safari/537.36","errors":"","cost":0.000000915}
{"level":"INFO","time":"2021-01-13T16:21:06.669+0800","caller":"logger/logger.go:101","msg":"/signup","status":200,"method":"GET","path":"/signup","query":"","ip":"::1","user-agent":"Mozilla/5.0 (Macintosh; Intel Mac OS X 11_0_1) AppleWebKit/537.36 (KHTML, like Gecko) Chrome/87.0.4280.141 Safari/537.36","errors":"","cost":0.00024842}
{"level":"INFO","time":"2021-01-13T16:21:06.693+0800","caller":"logger/logger.go:101","msg":"/signin.css","status":404,"method":"GET","path":"/signin.css","query":"","ip":"::1","user-agent":"Mozilla/5.0 (Macintosh; Intel Mac OS X 11_0_1) AppleWebKit/537.36 (KHTML, like Gecko) Chrome/87.0.4280.141 Safari/537.36","errors":"","cost":0.000000779}
{"level":"INFO","time":"2021-01-13T16:21:18.996+0800","caller":"logger/logger.go:101","msg":"/signin.css","status":404,"method":"GET","path":"/signin.css","query":"","ip":"::1","user-agent":"Mozilla/5.0 (Macintosh; Intel Mac OS X 11_0_1) AppleWebKit/537.36 (KHTML, like Gecko) Chrome/87.0.4280.141 Safari/537.36","errors":"","cost":0.000000818}
{"level":"INFO","time":"2021-01-13T16:21:28.364+0800","caller":"logger/logger.go:41","msg":"init logger success"}
{"level":"INFO","time":"2021-01-13T16:21:30.671+0800","caller":"logger/logger.go:101","msg":"/signup","status":200,"method":"GET","path":"/signup","query":"","ip":"::1","user-agent":"Mozilla/5.0 (Macintosh; Intel Mac OS X 11_0_1) AppleWebKit/537.36 (KHTML, like Gecko) Chrome/87.0.4280.141 Safari/537.36","errors":"","cost":0.000440446}
{"level":"INFO","time":"2021-01-13T16:21:32.867+0800","caller":"logger/logger.go:101","msg":"/signup","status":200,"method":"GET","path":"/signup","query":"","ip":"::1","user-agent":"Mozilla/5.0 (Macintosh; Intel Mac OS X 11_0_1) AppleWebKit/537.36 (KHTML, like Gecko) Chrome/87.0.4280.141 Safari/537.36","errors":"","cost":0.000206227}
{"level":"INFO","time":"2021-01-13T16:21:32.892+0800","caller":"logger/logger.go:101","msg":"/static/signin.css","status":404,"method":"GET","path":"/static/signin.css","query":"","ip":"::1","user-agent":"Mozilla/5.0 (Macintosh; Intel Mac OS X 11_0_1) AppleWebKit/537.36 (KHTML, like Gecko) Chrome/87.0.4280.141 Safari/537.36","errors":"","cost":0.000035866}
{"level":"INFO","time":"2021-01-13T16:21:46.937+0800","caller":"logger/logger.go:41","msg":"init logger success"}
{"level":"INFO","time":"2021-01-13T16:21:47.232+0800","caller":"logger/logger.go:101","msg":"/signup","status":200,"method":"GET","path":"/signup","query":"","ip":"::1","user-agent":"Mozilla/5.0 (Macintosh; Intel Mac OS X 11_0_1) AppleWebKit/537.36 (KHTML, like Gecko) Chrome/87.0.4280.141 Safari/537.36","errors":"","cost":0.000268599}
{"level":"INFO","time":"2021-01-13T16:21:47.261+0800","caller":"logger/logger.go:101","msg":"/static/css/signin.css","status":200,"method":"GET","path":"/static/css/signin.css","query":"","ip":"::1","user-agent":"Mozilla/5.0 (Macintosh; Intel Mac OS X 11_0_1) AppleWebKit/537.36 (KHTML, like Gecko) Chrome/87.0.4280.141 Safari/537.36","errors":"","cost":0.005517014}
{"level":"INFO","time":"2021-01-13T16:22:05.415+0800","caller":"logger/logger.go:41","msg":"init logger success"}
{"level":"INFO","time":"2021-01-13T16:22:22.962+0800","caller":"logger/logger.go:41","msg":"init logger success"}
{"level":"INFO","time":"2021-01-13T16:23:03.387+0800","caller":"logger/logger.go:41","msg":"init logger success"}
{"level":"INFO","time":"2021-01-13T16:23:03.462+0800","caller":"logger/logger.go:101","msg":"/signup","status":200,"method":"GET","path":"/signup","query":"","ip":"::1","user-agent":"Mozilla/5.0 (Macintosh; Intel Mac OS X 11_0_1) AppleWebKit/537.36 (KHTML, like Gecko) Chrome/87.0.4280.141 Safari/537.36","errors":"","cost":0.000361842}
{"level":"INFO","time":"2021-01-13T16:23:03.582+0800","caller":"logger/logger.go:101","msg":"/static/css/signin.css","status":304,"method":"GET","path":"/static/css/signin.css","query":"","ip":"::1","user-agent":"Mozilla/5.0 (Macintosh; Intel Mac OS X 11_0_1) AppleWebKit/537.36 (KHTML, like Gecko) Chrome/87.0.4280.141 Safari/537.36","errors":"","cost":0.000131949}
{"level":"INFO","time":"2021-01-13T16:26:25.944+0800","caller":"logger/logger.go:41","msg":"init logger success"}
{"level":"INFO","time":"2021-01-13T16:28:25.905+0800","caller":"logger/logger.go:41","msg":"init logger success"}
{"level":"INFO","time":"2021-01-13T16:30:21.539+0800","caller":"logger/logger.go:41","msg":"init logger success"}
{"level":"INFO","time":"2021-01-13T16:30:24.837+0800","caller":"logger/logger.go:41","msg":"init logger success"}
{"level":"INFO","time":"2021-01-13T16:30:27.896+0800","caller":"logger/logger.go:41","msg":"init logger success"}
{"level":"INFO","time":"2021-01-13T16:30:30.886+0800","caller":"logger/logger.go:41","msg":"init logger success"}
{"level":"INFO","time":"2021-01-13T16:30:36.795+0800","caller":"logger/logger.go:41","msg":"init logger success"}
{"level":"INFO","time":"2021-01-13T16:30:39.616+0800","caller":"logger/logger.go:41","msg":"init logger success"}
{"level":"INFO","time":"2021-01-13T16:30:50.065+0800","caller":"logger/logger.go:41","msg":"init logger success"}
{"level":"INFO","time":"2021-01-13T16:30:56.005+0800","caller":"logger/logger.go:41","msg":"init logger success"}
{"level":"INFO","time":"2021-01-13T16:31:00.294+0800","caller":"logger/logger.go:41","msg":"init logger success"}
{"level":"INFO","time":"2021-01-13T16:31:03.459+0800","caller":"logger/logger.go:41","msg":"init logger success"}
{"level":"INFO","time":"2021-01-13T16:31:50.295+0800","caller":"logger/logger.go:41","msg":"init logger success"}
{"level":"INFO","time":"2021-01-13T16:32:11.557+0800","caller":"logger/logger.go:41","msg":"init logger success"}
{"level":"INFO","time":"2021-01-13T16:39:26.944+0800","caller":"logger/logger.go:41","msg":"init logger success"}
{"level":"INFO","time":"2021-01-13T16:40:20.051+0800","caller":"logger/logger.go:41","msg":"init logger success"}
{"level":"INFO","time":"2021-01-13T16:40:27.144+0800","caller":"logger/logger.go:101","msg":"/signup","status":200,"method":"GET","path":"/signup","query":"","ip":"::1","user-agent":"Mozilla/5.0 (Macintosh; Intel Mac OS X 11_0_1) AppleWebKit/537.36 (KHTML, like Gecko) Chrome/87.0.4280.141 Safari/537.36","errors":"","cost":0.000335419}
{"level":"INFO","time":"2021-01-13T16:40:27.260+0800","caller":"logger/logger.go:101","msg":"/static/css/signin.css","status":304,"method":"GET","path":"/static/css/signin.css","query":"","ip":"::1","user-agent":"Mozilla/5.0 (Macintosh; Intel Mac OS X 11_0_1) AppleWebKit/537.36 (KHTML, like Gecko) Chrome/87.0.4280.141 Safari/537.36","errors":"","cost":0.00011969}
{"level":"INFO","time":"2021-01-13T16:41:26.693+0800","caller":"logger/logger.go:41","msg":"init logger success"}
{"level":"INFO","time":"2021-01-13T16:41:27.062+0800","caller":"logger/logger.go:101","msg":"/signup","status":200,"method":"GET","path":"/signup","query":"","ip":"::1","user-agent":"Mozilla/5.0 (Macintosh; Intel Mac OS X 11_0_1) AppleWebKit/537.36 (KHTML, like Gecko) Chrome/87.0.4280.141 Safari/537.36","errors":"","cost":0.000270019}
{"level":"INFO","time":"2021-01-13T16:41:29.062+0800","caller":"logger/logger.go:101","msg":"/signup","status":200,"method":"GET","path":"/signup","query":"","ip":"::1","user-agent":"Mozilla/5.0 (Macintosh; Intel Mac OS X 11_0_1) AppleWebKit/537.36 (KHTML, like Gecko) Chrome/87.0.4280.141 Safari/537.36","errors":"","cost":0.000263952}
{"level":"INFO","time":"2021-01-13T16:41:32.553+0800","caller":"logger/logger.go:101","msg":"/signup","status":200,"method":"POST","path":"/signup","query":"","ip":"::1","user-agent":"Mozilla/5.0 (Macintosh; Intel Mac OS X 11_0_1) AppleWebKit/537.36 (KHTML, like Gecko) Chrome/87.0.4280.141 Safari/537.36","errors":"","cost":0.000105467}
{"level":"INFO","time":"2021-01-13T16:44:13.652+0800","caller":"logger/logger.go:41","msg":"init logger success"}
{"level":"INFO","time":"2021-01-13T16:45:17.504+0800","caller":"logger/logger.go:101","msg":"/signup","status":200,"method":"GET","path":"/signup","query":"","ip":"::1","user-agent":"Mozilla/5.0 (Macintosh; Intel Mac OS X 11_0_1) AppleWebKit/537.36 (KHTML, like Gecko) Chrome/87.0.4280.141 Safari/537.36","errors":"","cost":0.000300141}
{"level":"INFO","time":"2021-01-13T16:45:17.528+0800","caller":"logger/logger.go:101","msg":"/static/css/signin.css","status":304,"method":"GET","path":"/static/css/signin.css","query":"","ip":"::1","user-agent":"Mozilla/5.0 (Macintosh; Intel Mac OS X 11_0_1) AppleWebKit/537.36 (KHTML, like Gecko) Chrome/87.0.4280.141 Safari/537.36","errors":"","cost":0.000127016}
{"level":"INFO","time":"2021-01-13T16:45:31.454+0800","caller":"logger/logger.go:101","msg":"/signup","status":200,"method":"POST","path":"/signup","query":"","ip":"::1","user-agent":"Mozilla/5.0 (Macintosh; Intel Mac OS X 11_0_1) AppleWebKit/537.36 (KHTML, like Gecko) Chrome/87.0.4280.141 Safari/537.36","errors":"","cost":0.000131272}
{"level":"INFO","time":"2021-01-13T16:50:25.330+0800","caller":"logger/logger.go:41","msg":"init logger success"}
{"level":"INFO","time":"2021-01-13T16:50:29.154+0800","caller":"logger/logger.go:101","msg":"/signup","status":200,"method":"GET","path":"/signup","query":"","ip":"::1","user-agent":"Mozilla/5.0 (Macintosh; Intel Mac OS X 11_0_1) AppleWebKit/537.36 (KHTML, like Gecko) Chrome/87.0.4280.141 Safari/537.36","errors":"","cost":0.000234146}
{"level":"INFO","time":"2021-01-13T16:50:29.255+0800","caller":"logger/logger.go:101","msg":"/static/css/signin.css","status":304,"method":"GET","path":"/static/css/signin.css","query":"","ip":"::1","user-agent":"Mozilla/5.0 (Macintosh; Intel Mac OS X 11_0_1) AppleWebKit/537.36 (KHTML, like Gecko) Chrome/87.0.4280.141 Safari/537.36","errors":"","cost":0.000115329}
{"level":"INFO","time":"2021-01-13T16:50:33.283+0800","caller":"logger/logger.go:101","msg":"/signup","status":200,"method":"POST","path":"/signup","query":"","ip":"::1","user-agent":"Mozilla/5.0 (Macintosh; Intel Mac OS X 11_0_1) AppleWebKit/537.36 (KHTML, like Gecko) Chrome/87.0.4280.141 Safari/537.36","errors":"","cost":0.000128627}
{"level":"INFO","time":"2021-01-13T16:55:00.596+0800","caller":"logger/logger.go:41","msg":"init logger success"}
{"level":"INFO","time":"2021-01-13T16:55:06.053+0800","caller":"logger/logger.go:41","msg":"init logger success"}
{"level":"INFO","time":"2021-01-13T16:55:08.683+0800","caller":"logger/logger.go:101","msg":"/signup","status":200,"method":"GET","path":"/signup","query":"","ip":"::1","user-agent":"Mozilla/5.0 (Macintosh; Intel Mac OS X 11_0_1) AppleWebKit/537.36 (KHTML, like Gecko) Chrome/87.0.4280.141 Safari/537.36","errors":"","cost":0.00029783}
{"level":"INFO","time":"2021-01-13T16:55:08.734+0800","caller":"logger/logger.go:101","msg":"/static/css/signin.css","status":304,"method":"GET","path":"/static/css/signin.css","query":"","ip":"::1","user-agent":"Mozilla/5.0 (Macintosh; Intel Mac OS X 11_0_1) AppleWebKit/537.36 (KHTML, like Gecko) Chrome/87.0.4280.141 Safari/537.36","errors":"","cost":0.000114862}
{"level":"INFO","time":"2021-01-13T16:55:12.760+0800","caller":"logger/logger.go:101","msg":"/signup","status":200,"method":"POST","path":"/signup","query":"","ip":"::1","user-agent":"Mozilla/5.0 (Macintosh; Intel Mac OS X 11_0_1) AppleWebKit/537.36 (KHTML, like Gecko) Chrome/87.0.4280.141 Safari/537.36","errors":"","cost":0.000266668}
{"level":"INFO","time":"2021-01-13T16:55:49.875+0800","caller":"logger/logger.go:41","msg":"init logger success"}
{"level":"INFO","time":"2021-01-13T16:55:50.769+0800","caller":"logger/logger.go:101","msg":"/signup","status":200,"method":"GET","path":"/signup","query":"","ip":"::1","user-agent":"Mozilla/5.0 (Macintosh; Intel Mac OS X 11_0_1) AppleWebKit/537.36 (KHTML, like Gecko) Chrome/87.0.4280.141 Safari/537.36","errors":"","cost":0.000340958}
{"level":"INFO","time":"2021-01-13T16:55:58.012+0800","caller":"logger/logger.go:101","msg":"/signup","status":200,"method":"POST","path":"/signup","query":"","ip":"::1","user-agent":"Mozilla/5.0 (Macintosh; Intel Mac OS X 11_0_1) AppleWebKit/537.36 (KHTML, like Gecko) Chrome/87.0.4280.141 Safari/537.36","errors":"","cost":0.000215429}
{"level":"INFO","time":"2021-01-13T16:57:00.833+0800","caller":"logger/logger.go:41","msg":"init logger success"}
{"level":"INFO","time":"2021-01-13T16:57:01.265+0800","caller":"logger/logger.go:101","msg":"/signup","status":200,"method":"GET","path":"/signup","query":"","ip":"::1","user-agent":"Mozilla/5.0 (Macintosh; Intel Mac OS X 11_0_1) AppleWebKit/537.36 (KHTML, like Gecko) Chrome/87.0.4280.141 Safari/537.36","errors":"","cost":0.000310448}
{"level":"INFO","time":"2021-01-13T16:57:16.054+0800","caller":"logger/logger.go:41","msg":"init logger success"}
{"level":"INFO","time":"2021-01-13T16:59:00.851+0800","caller":"logger/logger.go:41","msg":"init logger success"}
{"level":"INFO","time":"2021-01-13T17:03:53.143+0800","caller":"logger/logger.go:101","msg":"/signup","status":200,"method":"POST","path":"/signup","query":"","ip":"::1","user-agent":"Mozilla/5.0 (Macintosh; Intel Mac OS X 11_0_1) AppleWebKit/537.36 (KHTML, like Gecko) Chrome/87.0.4280.141 Safari/537.36","errors":"","cost":0.000456491}
{"level":"INFO","time":"2021-01-13T17:03:53.254+0800","caller":"logger/logger.go:101","msg":"/static/css/signin.css","status":304,"method":"GET","path":"/static/css/signin.css","query":"","ip":"::1","user-agent":"Mozilla/5.0 (Macintosh; Intel Mac OS X 11_0_1) AppleWebKit/537.36 (KHTML, like Gecko) Chrome/87.0.4280.141 Safari/537.36","errors":"","cost":0.00018593}
{"level":"INFO","time":"2021-01-13T17:04:27.542+0800","caller":"logger/logger.go:41","msg":"init logger success"}
{"level":"INFO","time":"2021-01-13T17:04:28.149+0800","caller":"logger/logger.go:101","msg":"/signup","status":200,"method":"GET","path":"/signup","query":"","ip":"::1","user-agent":"Mozilla/5.0 (Macintosh; Intel Mac OS X 11_0_1) AppleWebKit/537.36 (KHTML, like Gecko) Chrome/87.0.4280.141 Safari/537.36","errors":"","cost":0.000353695}
{"level":"INFO","time":"2021-01-13T17:04:29.243+0800","caller":"logger/logger.go:101","msg":"/signup","status":200,"method":"GET","path":"/signup","query":"","ip":"::1","user-agent":"Mozilla/5.0 (Macintosh; Intel Mac OS X 11_0_1) AppleWebKit/537.36 (KHTML, like Gecko) Chrome/87.0.4280.141 Safari/537.36","errors":"","cost":0.00034534}
{"level":"INFO","time":"2021-01-13T17:04:33.666+0800","caller":"logger/logger.go:101","msg":"/signup","status":200,"method":"POST","path":"/signup","query":"","ip":"::1","user-agent":"Mozilla/5.0 (Macintosh; Intel Mac OS X 11_0_1) AppleWebKit/537.36 (KHTML, like Gecko) Chrome/87.0.4280.141 Safari/537.36","errors":"","cost":0.000349226}
{"level":"INFO","time":"2021-01-13T17:06:12.951+0800","caller":"logger/logger.go:41","msg":"init logger success"}
{"level":"INFO","time":"2021-01-13T17:06:16.123+0800","caller":"logger/logger.go:101","msg":"/signup","status":200,"method":"GET","path":"/signup","query":"","ip":"::1","user-agent":"Mozilla/5.0 (Macintosh; Intel Mac OS X 11_0_1) AppleWebKit/537.36 (KHTML, like Gecko) Chrome/87.0.4280.141 Safari/537.36","errors":"","cost":0.000419323}
{"level":"ERROR","time":"2021-01-13T17:06:19.951+0800","caller":"logger/logger.go:74","msg":"[Recovery from panic]","error":"template: signup.html:18:17: executing \"signup.html\" at <.error>: can't evaluate field error in type string","request":"POST /signup HTTP/1.1\r\nHost: localhost:8080\r\nAccept: text/html,application/xhtml+xml,application/xml;q=0.9,image/avif,image/webp,image/apng,*/*;q=0.8,application/signed-exchange;v=b3;q=0.9\r\nAccept-Encoding: gzip, deflate, br\r\nAccept-Language: zh-CN,zh;q=0.9,en;q=0.8\r\nCache-Control: max-age=0\r\nConnection: keep-alive\r\nContent-Length: 44\r\nContent-Type: application/x-www-form-urlencoded\r\nOrigin: http://localhost:8080\r\nReferer: http://localhost:8080/signup\r\nSec-Ch-Ua: \"Google Chrome\";v=\"87\", \" Not;A Brand\";v=\"99\", \"Chromium\";v=\"87\"\r\nSec-Ch-Ua-Mobile: ?0\r\nSec-Fetch-Dest: document\r\nSec-Fetch-Mode: navigate\r\nSec-Fetch-Site: same-origin\r\nSec-Fetch-User: ?1\r\nUpgrade-Insecure-Requests: 1\r\nUser-Agent: Mozilla/5.0 (Macintosh; Intel Mac OS X 11_0_1) AppleWebKit/537.36 (KHTML, like Gecko) Chrome/87.0.4280.141 Safari/537.36\r\n\r\n","stack":"goroutine 51 [running]:\nruntime/debug.Stack(0x0, 0xc000317680, 0x337)\n\t/usr/local/go/src/runtime/debug/stack.go:24 +0x9f\nbluebell/logger.GinRecovery.func1.1(0xc000480000, 0x1)\n\t/Users/jiexiang/go/src/bluebell/logger/logger.go:77 +0x23b\npanic(0x17c7b20, 0xc000308660)\n\t/usr/local/go/src/runtime/panic.go:969 +0x1b9\ngithub.com/gin-gonic/gin.(*Context).Render(0xc000480000, 0xc8, 0x191e5a0, 0xc000349500)\n\t/Users/jiexiang/go/pkg/mod/github.com/gin-gonic/gin@v1.6.3/context.go:842 +0x176\ngithub.com/gin-gonic/gin.(*Context).HTML(0xc000480000, 0xc8, 0x183d854, 0xb, 0x1739a60, 0x1901ff0)\n\t/Users/jiexiang/go/pkg/mod/github.com/gin-gonic/gin@v1.6.3/context.go:851 +0x99\nbluebell/controller.DoSignup(0xc000480000)\n\t/Users/jiexiang/go/src/bluebell/controller/user.go:20 +0xb9\ngithub.com/gin-gonic/gin.(*Context).Next(0xc000480000)\n\t/Users/jiexiang/go/pkg/mod/github.com/gin-gonic/gin@v1.6.3/context.go:161 +0x3b\nbluebell/logger.GinRecovery.func1(0xc000480000)\n\t/Users/jiexiang/go/src/bluebell/logger/logger.go:88 +0x5a\ngithub.com/gin-gonic/gin.(*Context).Next(0xc000480000)\n\t/Users/jiexiang/go/pkg/mod/github.com/gin-gonic/gin@v1.6.3/context.go:161 +0x3b\nbluebell/logger.GinLogger.func1(0xc000480000)\n\t/Users/jiexiang/go/src/bluebell/logger/logger.go:98 +0x91\ngithub.com/gin-gonic/gin.(*Context).Next(0xc000480000)\n\t/Users/jiexiang/go/pkg/mod/github.com/gin-gonic/gin@v1.6.3/context.go:161 +0x3b\ngithub.com/gin-gonic/gin.(*Engine).handleHTTPRequest(0xc00034e000, 0xc000480000)\n\t/Users/jiexiang/go/pkg/mod/github.com/gin-gonic/gin@v1.6.3/gin.go:409 +0x67a\ngithub.com/gin-gonic/gin.(*Engine).ServeHTTP(0xc00034e000, 0x1923120, 0xc00034c1c0, 0xc000454100)\n\t/Users/jiexiang/go/pkg/mod/github.com/gin-gonic/gin@v1.6.3/gin.go:367 +0x14d\nnet/http.serverHandler.ServeHTTP(0xc00034c0e0, 0x1923120, 0xc00034c1c0, 0xc000454100)\n\t/usr/local/go/src/net/http/server.go:2843 +0xa3\nnet/http.(*conn).serve(0xc000368000, 0x19252a0, 0xc000422000)\n\t/usr/local/go/src/net/http/server.go:1925 +0x8ad\ncreated by net/http.(*Server).Serve\n\t/usr/local/go/src/net/http/server.go:2969 +0x36c\n"}
{"level":"INFO","time":"2021-01-13T17:06:19.951+0800","caller":"logger/logger.go:101","msg":"/signup","status":500,"method":"POST","path":"/signup","query":"","ip":"::1","user-agent":"Mozilla/5.0 (Macintosh; Intel Mac OS X 11_0_1) AppleWebKit/537.36 (KHTML, like Gecko) Chrome/87.0.4280.141 Safari/537.36","errors":"","cost":0.000802158}
{"level":"INFO","time":"2021-01-13T17:08:37.807+0800","caller":"logger/logger.go:41","msg":"init logger success"}
{"level":"INFO","time":"2021-01-13T17:09:10.695+0800","caller":"logger/logger.go:41","msg":"init logger success"}
{"level":"INFO","time":"2021-01-13T17:09:13.333+0800","caller":"logger/logger.go:101","msg":"/signup","status":200,"method":"GET","path":"/signup","query":"","ip":"::1","user-agent":"Mozilla/5.0 (Macintosh; Intel Mac OS X 11_0_1) AppleWebKit/537.36 (KHTML, like Gecko) Chrome/87.0.4280.141 Safari/537.36","errors":"","cost":0.000362696}
{"level":"INFO","time":"2021-01-13T17:09:13.437+0800","caller":"logger/logger.go:101","msg":"/static/css/signin.css","status":304,"method":"GET","path":"/static/css/signin.css","query":"","ip":"::1","user-agent":"Mozilla/5.0 (Macintosh; Intel Mac OS X 11_0_1) AppleWebKit/537.36 (KHTML, like Gecko) Chrome/87.0.4280.141 Safari/537.36","errors":"","cost":0.000142392}
{"level":"INFO","time":"2021-01-13T17:09:16.978+0800","caller":"logger/logger.go:101","msg":"/signup","status":200,"method":"POST","path":"/signup","query":"","ip":"::1","user-agent":"Mozilla/5.0 (Macintosh; Intel Mac OS X 11_0_1) AppleWebKit/537.36 (KHTML, like Gecko) Chrome/87.0.4280.141 Safari/537.36","errors":"","cost":0.000344406}
{"level":"INFO","time":"2021-01-13T17:09:24.461+0800","caller":"logger/logger.go:41","msg":"init logger success"}
{"level":"INFO","time":"2021-01-13T17:09:26.289+0800","caller":"logger/logger.go:101","msg":"/signup","status":200,"method":"GET","path":"/signup","query":"","ip":"::1","user-agent":"Mozilla/5.0 (Macintosh; Intel Mac OS X 11_0_1) AppleWebKit/537.36 (KHTML, like Gecko) Chrome/87.0.4280.141 Safari/537.36","errors":"","cost":0.000326033}
{"level":"INFO","time":"2021-01-13T17:09:30.151+0800","caller":"logger/logger.go:101","msg":"/signup","status":200,"method":"POST","path":"/signup","query":"","ip":"::1","user-agent":"Mozilla/5.0 (Macintosh; Intel Mac OS X 11_0_1) AppleWebKit/537.36 (KHTML, like Gecko) Chrome/87.0.4280.141 Safari/537.36","errors":"","cost":0.000342731}
{"level":"INFO","time":"2021-01-13T17:09:46.204+0800","caller":"logger/logger.go:41","msg":"init logger success"}
{"level":"INFO","time":"2021-01-13T17:09:48.048+0800","caller":"logger/logger.go:101","msg":"/signup","status":200,"method":"GET","path":"/signup","query":"","ip":"::1","user-agent":"Mozilla/5.0 (Macintosh; Intel Mac OS X 11_0_1) AppleWebKit/537.36 (KHTML, like Gecko) Chrome/87.0.4280.141 Safari/537.36","errors":"","cost":0.000444731}
{"level":"INFO","time":"2021-01-13T17:09:51.749+0800","caller":"logger/logger.go:101","msg":"/signup","status":200,"method":"POST","path":"/signup","query":"","ip":"::1","user-agent":"Mozilla/5.0 (Macintosh; Intel Mac OS X 11_0_1) AppleWebKit/537.36 (KHTML, like Gecko) Chrome/87.0.4280.141 Safari/537.36","errors":"","cost":0.000386689}
{"level":"INFO","time":"2021-01-13T17:10:09.666+0800","caller":"logger/logger.go:41","msg":"init logger success"}
{"level":"INFO","time":"2021-01-13T17:10:19.553+0800","caller":"logger/logger.go:101","msg":"/signup","status":200,"method":"GET","path":"/signup","query":"","ip":"::1","user-agent":"Mozilla/5.0 (Macintosh; Intel Mac OS X 11_0_1) AppleWebKit/537.36 (KHTML, like Gecko) Chrome/87.0.4280.141 Safari/537.36","errors":"","cost":0.000482336}
{"level":"INFO","time":"2021-01-13T17:10:22.866+0800","caller":"logger/logger.go:101","msg":"/signup","status":200,"method":"POST","path":"/signup","query":"","ip":"::1","user-agent":"Mozilla/5.0 (Macintosh; Intel Mac OS X 11_0_1) AppleWebKit/537.36 (KHTML, like Gecko) Chrome/87.0.4280.141 Safari/537.36","errors":"","cost":0.000501668}
{"level":"INFO","time":"2021-01-13T17:11:15.673+0800","caller":"logger/logger.go:41","msg":"init logger success"}
{"level":"INFO","time":"2021-01-13T17:12:16.178+0800","caller":"logger/logger.go:101","msg":"/signup","status":200,"method":"GET","path":"/signup","query":"","ip":"::1","user-agent":"Mozilla/5.0 (Macintosh; Intel Mac OS X 11_0_1) AppleWebKit/537.36 (KHTML, like Gecko) Chrome/87.0.4280.141 Safari/537.36","errors":"","cost":0.000439558}
{"level":"INFO","time":"2021-01-13T17:12:19.878+0800","caller":"logger/logger.go:101","msg":"/signup","status":200,"method":"POST","path":"/signup","query":"","ip":"::1","user-agent":"Mozilla/5.0 (Macintosh; Intel Mac OS X 11_0_1) AppleWebKit/537.36 (KHTML, like Gecko) Chrome/87.0.4280.141 Safari/537.36","errors":"","cost":0.000333854}
